{"C:\\Users\\ambre\\Documents\\Ecole\\Ynov\\M1\\Integration dev\\todo-surprise\\backend\\controllers\\membresController.js": {"path":"C:\\Users\\ambre\\Documents\\Ecole\\Ynov\\M1\\Integration dev\\todo-surprise\\backend\\controllers\\membresController.js","statementMap":{"0":{"start":{"line":1,"column":15},"end":{"line":1,"column":48}},"1":{"start":{"line":3,"column":0},"end":{"line":10,"column":2}},"2":{"start":{"line":4,"column":2},"end":{"line":9,"column":3}},"3":{"start":{"line":5,"column":20},"end":{"line":5,"column":41}},"4":{"start":{"line":6,"column":4},"end":{"line":6,"column":22}},"5":{"start":{"line":8,"column":4},"end":{"line":8,"column":49}},"6":{"start":{"line":12,"column":0},"end":{"line":19,"column":2}},"7":{"start":{"line":13,"column":2},"end":{"line":18,"column":3}},"8":{"start":{"line":14,"column":19},"end":{"line":14,"column":48}},"9":{"start":{"line":15,"column":4},"end":{"line":15,"column":33}},"10":{"start":{"line":17,"column":4},"end":{"line":17,"column":49}},"11":{"start":{"line":21,"column":0},"end":{"line":28,"column":2}},"12":{"start":{"line":22,"column":2},"end":{"line":27,"column":3}},"13":{"start":{"line":23,"column":19},"end":{"line":23,"column":63}},"14":{"start":{"line":24,"column":4},"end":{"line":24,"column":21}},"15":{"start":{"line":26,"column":4},"end":{"line":26,"column":49}},"16":{"start":{"line":30,"column":0},"end":{"line":38,"column":2}},"17":{"start":{"line":31,"column":2},"end":{"line":37,"column":3}},"18":{"start":{"line":32,"column":19},"end":{"line":32,"column":53}},"19":{"start":{"line":33,"column":4},"end":{"line":33,"column":91}},"20":{"start":{"line":33,"column":31},"end":{"line":33,"column":91}},"21":{"start":{"line":34,"column":4},"end":{"line":34,"column":45}},"22":{"start":{"line":36,"column":4},"end":{"line":36,"column":49}}},"fnMap":{"0":{"name":"(anonymous_0)","decl":{"start":{"line":3,"column":17},"end":{"line":3,"column":18}},"loc":{"start":{"line":3,"column":37},"end":{"line":10,"column":1}},"line":3},"1":{"name":"(anonymous_1)","decl":{"start":{"line":12,"column":17},"end":{"line":12,"column":18}},"loc":{"start":{"line":12,"column":37},"end":{"line":19,"column":1}},"line":12},"2":{"name":"(anonymous_2)","decl":{"start":{"line":21,"column":17},"end":{"line":21,"column":18}},"loc":{"start":{"line":21,"column":37},"end":{"line":28,"column":1}},"line":21},"3":{"name":"(anonymous_3)","decl":{"start":{"line":30,"column":17},"end":{"line":30,"column":18}},"loc":{"start":{"line":30,"column":37},"end":{"line":38,"column":1}},"line":30}},"branchMap":{"0":{"loc":{"start":{"line":33,"column":4},"end":{"line":33,"column":91}},"type":"if","locations":[{"start":{"line":33,"column":4},"end":{"line":33,"column":91}},{"start":{},"end":{}}],"line":33}},"s":{"0":1,"1":1,"2":1,"3":1,"4":1,"5":0,"6":1,"7":2,"8":2,"9":2,"10":0,"11":1,"12":1,"13":1,"14":1,"15":0,"16":1,"17":1,"18":1,"19":1,"20":0,"21":1,"22":0},"f":{"0":1,"1":2,"2":1,"3":1},"b":{"0":[0,1]},"_coverageSchema":"1a1c01bbd47fc00a2c39e90264f33305004495a9","hash":"2ece90978e7d0859793d690f2972170baf05d28e"}
,"C:\\Users\\ambre\\Documents\\Ecole\\Ynov\\M1\\Integration dev\\todo-surprise\\backend\\controllers\\tachesController.js": {"path":"C:\\Users\\ambre\\Documents\\Ecole\\Ynov\\M1\\Integration dev\\todo-surprise\\backend\\controllers\\tachesController.js","statementMap":{"0":{"start":{"line":1,"column":13},"end":{"line":1,"column":45}},"1":{"start":{"line":3,"column":0},"end":{"line":10,"column":2}},"2":{"start":{"line":4,"column":2},"end":{"line":9,"column":3}},"3":{"start":{"line":5,"column":20},"end":{"line":5,"column":52}},"4":{"start":{"line":6,"column":4},"end":{"line":6,"column":34}},"5":{"start":{"line":8,"column":4},"end":{"line":8,"column":49}},"6":{"start":{"line":12,"column":0},"end":{"line":19,"column":2}},"7":{"start":{"line":13,"column":2},"end":{"line":18,"column":3}},"8":{"start":{"line":14,"column":18},"end":{"line":14,"column":37}},"9":{"start":{"line":15,"column":4},"end":{"line":15,"column":20}},"10":{"start":{"line":17,"column":4},"end":{"line":17,"column":49}},"11":{"start":{"line":21,"column":0},"end":{"line":29,"column":2}},"12":{"start":{"line":22,"column":2},"end":{"line":28,"column":3}},"13":{"start":{"line":23,"column":17},"end":{"line":23,"column":50}},"14":{"start":{"line":24,"column":4},"end":{"line":24,"column":77}},"15":{"start":{"line":24,"column":15},"end":{"line":24,"column":77}},"16":{"start":{"line":25,"column":4},"end":{"line":25,"column":19}},"17":{"start":{"line":27,"column":4},"end":{"line":27,"column":49}},"18":{"start":{"line":31,"column":0},"end":{"line":43,"column":2}},"19":{"start":{"line":32,"column":2},"end":{"line":42,"column":3}},"20":{"start":{"line":33,"column":20},"end":{"line":37,"column":5}},"21":{"start":{"line":38,"column":4},"end":{"line":38,"column":80}},"22":{"start":{"line":38,"column":18},"end":{"line":38,"column":80}},"23":{"start":{"line":39,"column":4},"end":{"line":39,"column":22}},"24":{"start":{"line":41,"column":4},"end":{"line":41,"column":49}},"25":{"start":{"line":45,"column":0},"end":{"line":53,"column":2}},"26":{"start":{"line":46,"column":2},"end":{"line":52,"column":3}},"27":{"start":{"line":47,"column":20},"end":{"line":47,"column":52}},"28":{"start":{"line":48,"column":4},"end":{"line":48,"column":80}},"29":{"start":{"line":48,"column":18},"end":{"line":48,"column":80}},"30":{"start":{"line":49,"column":4},"end":{"line":49,"column":61}},"31":{"start":{"line":51,"column":4},"end":{"line":51,"column":49}}},"fnMap":{"0":{"name":"(anonymous_0)","decl":{"start":{"line":3,"column":17},"end":{"line":3,"column":18}},"loc":{"start":{"line":3,"column":37},"end":{"line":10,"column":1}},"line":3},"1":{"name":"(anonymous_1)","decl":{"start":{"line":12,"column":17},"end":{"line":12,"column":18}},"loc":{"start":{"line":12,"column":38},"end":{"line":19,"column":1}},"line":12},"2":{"name":"(anonymous_2)","decl":{"start":{"line":21,"column":18},"end":{"line":21,"column":19}},"loc":{"start":{"line":21,"column":38},"end":{"line":29,"column":1}},"line":21},"3":{"name":"(anonymous_3)","decl":{"start":{"line":31,"column":17},"end":{"line":31,"column":18}},"loc":{"start":{"line":31,"column":37},"end":{"line":43,"column":1}},"line":31},"4":{"name":"(anonymous_4)","decl":{"start":{"line":45,"column":17},"end":{"line":45,"column":18}},"loc":{"start":{"line":45,"column":37},"end":{"line":53,"column":1}},"line":45}},"branchMap":{"0":{"loc":{"start":{"line":24,"column":4},"end":{"line":24,"column":77}},"type":"if","locations":[{"start":{"line":24,"column":4},"end":{"line":24,"column":77}},{"start":{},"end":{}}],"line":24},"1":{"loc":{"start":{"line":38,"column":4},"end":{"line":38,"column":80}},"type":"if","locations":[{"start":{"line":38,"column":4},"end":{"line":38,"column":80}},{"start":{},"end":{}}],"line":38},"2":{"loc":{"start":{"line":48,"column":4},"end":{"line":48,"column":80}},"type":"if","locations":[{"start":{"line":48,"column":4},"end":{"line":48,"column":80}},{"start":{},"end":{}}],"line":48}},"s":{"0":1,"1":1,"2":3,"3":3,"4":2,"5":1,"6":1,"7":2,"8":2,"9":1,"10":1,"11":1,"12":0,"13":0,"14":0,"15":0,"16":0,"17":0,"18":1,"19":1,"20":1,"21":1,"22":0,"23":1,"24":0,"25":1,"26":1,"27":1,"28":1,"29":0,"30":1,"31":0},"f":{"0":3,"1":2,"2":0,"3":1,"4":1},"b":{"0":[0,0],"1":[0,1],"2":[0,1]},"_coverageSchema":"1a1c01bbd47fc00a2c39e90264f33305004495a9","hash":"f04eb9c3c489c516a0fe8f4c4a11a371b26ed7f6"}
,"C:\\Users\\ambre\\Documents\\Ecole\\Ynov\\M1\\Integration dev\\todo-surprise\\backend\\models\\membresModel.js": {"path":"C:\\Users\\ambre\\Documents\\Ecole\\Ynov\\M1\\Integration dev\\todo-surprise\\backend\\models\\membresModel.js","statementMap":{"0":{"start":{"line":1,"column":11},"end":{"line":1,"column":27}},"1":{"start":{"line":3,"column":15},"end":{"line":3,"column":50}},"2":{"start":{"line":3,"column":21},"end":{"line":3,"column":50}},"3":{"start":{"line":4,"column":15},"end":{"line":5,"column":118}},"4":{"start":{"line":5,"column":2},"end":{"line":5,"column":118}},"5":{"start":{"line":6,"column":15},"end":{"line":7,"column":130}},"6":{"start":{"line":7,"column":2},"end":{"line":7,"column":130}},"7":{"start":{"line":8,"column":15},"end":{"line":9,"column":52}},"8":{"start":{"line":9,"column":2},"end":{"line":9,"column":52}},"9":{"start":{"line":11,"column":0},"end":{"line":11,"column":52}}},"fnMap":{"0":{"name":"(anonymous_0)","decl":{"start":{"line":3,"column":15},"end":{"line":3,"column":16}},"loc":{"start":{"line":3,"column":21},"end":{"line":3,"column":50}},"line":3},"1":{"name":"(anonymous_1)","decl":{"start":{"line":4,"column":15},"end":{"line":4,"column":16}},"loc":{"start":{"line":5,"column":2},"end":{"line":5,"column":118}},"line":5},"2":{"name":"(anonymous_2)","decl":{"start":{"line":6,"column":15},"end":{"line":6,"column":16}},"loc":{"start":{"line":7,"column":2},"end":{"line":7,"column":130}},"line":7},"3":{"name":"(anonymous_3)","decl":{"start":{"line":8,"column":15},"end":{"line":8,"column":16}},"loc":{"start":{"line":9,"column":2},"end":{"line":9,"column":52}},"line":9}},"branchMap":{},"s":{"0":1,"1":1,"2":2,"3":1,"4":3,"5":1,"6":2,"7":1,"8":2,"9":1},"f":{"0":2,"1":3,"2":2,"3":2},"b":{},"_coverageSchema":"1a1c01bbd47fc00a2c39e90264f33305004495a9","hash":"5147900bb0aee68347a20b4bb963963db6686e92"}
,"C:\\Users\\ambre\\Documents\\Ecole\\Ynov\\M1\\Integration dev\\todo-surprise\\backend\\models\\tachesModel.js": {"path":"C:\\Users\\ambre\\Documents\\Ecole\\Ynov\\M1\\Integration dev\\todo-surprise\\backend\\models\\tachesModel.js","statementMap":{"0":{"start":{"line":1,"column":11},"end":{"line":1,"column":27}},"1":{"start":{"line":3,"column":15},"end":{"line":4,"column":66}},"2":{"start":{"line":4,"column":2},"end":{"line":4,"column":66}},"3":{"start":{"line":6,"column":15},"end":{"line":7,"column":43}},"4":{"start":{"line":7,"column":2},"end":{"line":7,"column":43}},"5":{"start":{"line":9,"column":16},"end":{"line":10,"column":57}},"6":{"start":{"line":10,"column":2},"end":{"line":10,"column":57}},"7":{"start":{"line":12,"column":15},"end":{"line":16,"column":3}},"8":{"start":{"line":13,"column":2},"end":{"line":16,"column":3}},"9":{"start":{"line":18,"column":15},"end":{"line":19,"column":67}},"10":{"start":{"line":19,"column":2},"end":{"line":19,"column":67}},"11":{"start":{"line":21,"column":0},"end":{"line":27,"column":2}}},"fnMap":{"0":{"name":"(anonymous_0)","decl":{"start":{"line":3,"column":15},"end":{"line":3,"column":16}},"loc":{"start":{"line":4,"column":2},"end":{"line":4,"column":66}},"line":4},"1":{"name":"(anonymous_1)","decl":{"start":{"line":6,"column":15},"end":{"line":6,"column":16}},"loc":{"start":{"line":7,"column":2},"end":{"line":7,"column":43}},"line":7},"2":{"name":"(anonymous_2)","decl":{"start":{"line":9,"column":16},"end":{"line":9,"column":17}},"loc":{"start":{"line":10,"column":2},"end":{"line":10,"column":57}},"line":10},"3":{"name":"(anonymous_3)","decl":{"start":{"line":12,"column":15},"end":{"line":12,"column":16}},"loc":{"start":{"line":13,"column":2},"end":{"line":16,"column":3}},"line":13},"4":{"name":"(anonymous_4)","decl":{"start":{"line":18,"column":15},"end":{"line":18,"column":16}},"loc":{"start":{"line":19,"column":2},"end":{"line":19,"column":67}},"line":19}},"branchMap":{},"s":{"0":1,"1":1,"2":3,"3":1,"4":2,"5":1,"6":0,"7":1,"8":2,"9":1,"10":3,"11":1},"f":{"0":3,"1":2,"2":0,"3":2,"4":3},"b":{},"_coverageSchema":"1a1c01bbd47fc00a2c39e90264f33305004495a9","hash":"bbf2f81a0dbf38870f8468863947d54385401fea"}
,"C:\\Users\\ambre\\Documents\\Ecole\\Ynov\\M1\\Integration dev\\todo-surprise\\backend\\routes\\membres.js": {"path":"C:\\Users\\ambre\\Documents\\Ecole\\Ynov\\M1\\Integration dev\\todo-surprise\\backend\\routes\\membres.js","statementMap":{"0":{"start":{"line":1,"column":16},"end":{"line":1,"column":34}},"1":{"start":{"line":2,"column":15},"end":{"line":2,"column":31}},"2":{"start":{"line":3,"column":26},"end":{"line":3,"column":69}},"3":{"start":{"line":5,"column":0},"end":{"line":5,"column":42}},"4":{"start":{"line":6,"column":0},"end":{"line":6,"column":43}},"5":{"start":{"line":7,"column":0},"end":{"line":7,"column":45}},"6":{"start":{"line":8,"column":0},"end":{"line":8,"column":48}},"7":{"start":{"line":10,"column":0},"end":{"line":10,"column":24}}},"fnMap":{},"branchMap":{},"s":{"0":1,"1":1,"2":1,"3":1,"4":1,"5":1,"6":1,"7":1},"f":{},"b":{},"_coverageSchema":"1a1c01bbd47fc00a2c39e90264f33305004495a9","hash":"cb968a291aef83c37713a673e09d498e6f1987e8"}
,"C:\\Users\\ambre\\Documents\\Ecole\\Ynov\\M1\\Integration dev\\todo-surprise\\backend\\routes\\taches.js": {"path":"C:\\Users\\ambre\\Documents\\Ecole\\Ynov\\M1\\Integration dev\\todo-surprise\\backend\\routes\\taches.js","statementMap":{"0":{"start":{"line":1,"column":16},"end":{"line":1,"column":34}},"1":{"start":{"line":2,"column":15},"end":{"line":2,"column":31}},"2":{"start":{"line":3,"column":23},"end":{"line":3,"column":65}},"3":{"start":{"line":5,"column":0},"end":{"line":5,"column":40}},"4":{"start":{"line":6,"column":0},"end":{"line":6,"column":39}},"5":{"start":{"line":7,"column":0},"end":{"line":7,"column":43}},"6":{"start":{"line":8,"column":0},"end":{"line":8,"column":42}},"7":{"start":{"line":9,"column":0},"end":{"line":9,"column":45}},"8":{"start":{"line":11,"column":0},"end":{"line":11,"column":24}}},"fnMap":{},"branchMap":{},"s":{"0":1,"1":1,"2":1,"3":1,"4":1,"5":1,"6":1,"7":1,"8":1},"f":{},"b":{},"_coverageSchema":"1a1c01bbd47fc00a2c39e90264f33305004495a9","hash":"7eba60cd38d4d75f7fb674e7aa871054587c24db"}
}
